0 info it worked if it ends with ok
1 verbose cli [ 'C:\\Program Files\\nodejs\\\\node.exe',
1 verbose cli   'C:\\Program Files\\nodejs\\node_modules\\npm\\bin\\npm-cli.js',
1 verbose cli   'install' ]
2 info using npm@1.4.28
3 info using node@v0.10.32
4 verbose node symlink C:\Program Files\nodejs\\node.exe
5 warn package.json app@0.0.0 No description
6 warn package.json app@0.0.0 No repository field.
7 warn package.json app@0.0.0 No README data
8 verbose readDependencies using package.json deps
9 verbose install where, deps [ 'D:\\test-workspace\\mgine\\app',
9 verbose install   [ 'gulp-install',
9 verbose install     'connect',
9 verbose install     'connect-livereload',
9 verbose install     'gulp',
9 verbose install     'gulp-autoprefixer',
9 verbose install     'main-bower-files',
9 verbose install     'gulp-cache',
9 verbose install     'gulp-clean',
9 verbose install     'gulp-csso',
9 verbose install     'gulp-filter',
9 verbose install     'gulp-flatten',
9 verbose install     'gulp-imagemin',
9 verbose install     'gulp-jshint',
9 verbose install     'gulp-livereload',
9 verbose install     'gulp-load-plugins',
9 verbose install     'gulp-ruby-sass',
9 verbose install     'gulp-size',
9 verbose install     'gulp-uglify',
9 verbose install     'gulp-useref',
9 verbose install     'jshint-stylish',
9 verbose install     'opn',
9 verbose install     'wiredep' ] ]
10 info preinstall app@0.0.0
11 verbose readDependencies using package.json deps
12 verbose already installed skipping gulp-install@^0.2.0 D:\test-workspace\mgine\app
13 verbose already installed skipping connect@^2.14.4 D:\test-workspace\mgine\app
14 verbose already installed skipping connect-livereload@^0.4.0 D:\test-workspace\mgine\app
15 verbose already installed skipping gulp@^3.8.10 D:\test-workspace\mgine\app
16 verbose already installed skipping gulp-autoprefixer@^0.0.7 D:\test-workspace\mgine\app
17 verbose cache add [ 'main-bower-files@^0.2.4', null ]
18 verbose cache add name=undefined spec="main-bower-files@^0.2.4" args=["main-bower-files@^0.2.4",null]
19 verbose parsed url { protocol: null,
19 verbose parsed url   slashes: null,
19 verbose parsed url   auth: null,
19 verbose parsed url   host: null,
19 verbose parsed url   port: null,
19 verbose parsed url   hostname: null,
19 verbose parsed url   hash: null,
19 verbose parsed url   search: null,
19 verbose parsed url   query: null,
19 verbose parsed url   pathname: 'main-bower-files@^0.2.4',
19 verbose parsed url   path: 'main-bower-files@^0.2.4',
19 verbose parsed url   href: 'main-bower-files@^0.2.4' }
20 verbose already installed skipping gulp-cache@^0.1.1 D:\test-workspace\mgine\app
21 verbose already installed skipping gulp-clean@^0.2.4 D:\test-workspace\mgine\app
22 verbose already installed skipping gulp-csso@^0.2.6 D:\test-workspace\mgine\app
23 verbose already installed skipping gulp-filter@^0.4.1 D:\test-workspace\mgine\app
24 verbose already installed skipping gulp-flatten@^0.0.2 D:\test-workspace\mgine\app
25 verbose already installed skipping gulp-imagemin@^0.5.0 D:\test-workspace\mgine\app
26 verbose already installed skipping gulp-jshint@^1.5.3 D:\test-workspace\mgine\app
27 verbose already installed skipping gulp-livereload@^1.2.0 D:\test-workspace\mgine\app
28 verbose already installed skipping gulp-load-plugins@^0.5.0 D:\test-workspace\mgine\app
29 verbose already installed skipping gulp-ruby-sass@^0.4.3 D:\test-workspace\mgine\app
30 verbose already installed skipping gulp-size@^0.3.0 D:\test-workspace\mgine\app
31 verbose cache add name="main-bower-files" spec="^0.2.4" args=["main-bower-files","^0.2.4"]
32 verbose parsed url { protocol: null,
32 verbose parsed url   slashes: null,
32 verbose parsed url   auth: null,
32 verbose parsed url   host: null,
32 verbose parsed url   port: null,
32 verbose parsed url   hostname: null,
32 verbose parsed url   hash: null,
32 verbose parsed url   search: null,
32 verbose parsed url   query: null,
32 verbose parsed url   pathname: '^0.2.4',
32 verbose parsed url   path: '^0.2.4',
32 verbose parsed url   href: '^0.2.4' }
33 verbose addNamed [ 'main-bower-files', '^0.2.4' ]
34 verbose addNamed [ null, '>=0.2.4-0 <0.3.0-0' ]
35 silly lockFile 632f5946-main-bower-files-0-2-4 main-bower-files@^0.2.4
36 verbose lock main-bower-files@^0.2.4 D:\Userlibraries\YR990656A\AppData\Roaming\npm-cache\632f5946-main-bower-files-0-2-4.lock
37 silly addNameRange { name: 'main-bower-files',
37 silly addNameRange   range: '>=0.2.4-0 <0.3.0-0',
37 silly addNameRange   hasData: false }
38 verbose request where is /main-bower-files
39 verbose request registry https://registry.npmjs.org/
40 verbose request id 5994c297a3e567bc
41 verbose url raw /main-bower-files
42 verbose url resolving [ 'https://registry.npmjs.org/', './main-bower-files' ]
43 verbose url resolved https://registry.npmjs.org/main-bower-files
44 verbose request where is https://registry.npmjs.org/main-bower-files
45 info trying registry request attempt 1 at 14:06:45
46 http GET https://registry.npmjs.org/main-bower-files
47 verbose already installed skipping gulp-uglify@^0.2.1 D:\test-workspace\mgine\app
48 verbose already installed skipping gulp-useref@^0.4.2 D:\test-workspace\mgine\app
49 verbose already installed skipping jshint-stylish@^0.2.0 D:\test-workspace\mgine\app
50 verbose already installed skipping opn@^0.1.1 D:\test-workspace\mgine\app
51 verbose already installed skipping wiredep@^1.4.3 D:\test-workspace\mgine\app
52 http 200 https://registry.npmjs.org/main-bower-files
53 silly registry.get cb [ 200,
53 silly registry.get   { date: 'Mon, 17 Nov 2014 13:06:46 GMT',
53 silly registry.get     server: 'CouchDB/1.5.0 (Erlang OTP/R16B03)',
53 silly registry.get     etag: '"BMAQNGF1K1EZYTQHO5OT57GZE"',
53 silly registry.get     'content-type': 'application/json',
53 silly registry.get     'cache-control': 'max-age=60',
53 silly registry.get     'content-length': '18634',
53 silly registry.get     'accept-ranges': 'bytes',
53 silly registry.get     via: '1.1 varnish',
53 silly registry.get     age: '0',
53 silly registry.get     'x-served-by': 'cache-fra1224-FRA',
53 silly registry.get     'x-cache': 'HIT',
53 silly registry.get     'x-cache-hits': '1',
53 silly registry.get     'x-timer': 'S1416229606.618142,VS0,VE171',
53 silly registry.get     vary: 'Accept',
53 silly registry.get     'keep-alive': 'timeout=10, max=50',
53 silly registry.get     connection: 'Keep-Alive' } ]
54 silly addNameRange number 2 { name: 'main-bower-files',
54 silly addNameRange   range: '>=0.2.4-0 <0.3.0-0',
54 silly addNameRange   hasData: true }
55 silly addNameRange versions [ 'main-bower-files',
55 silly addNameRange   [ '0.0.0',
55 silly addNameRange     '1.0.0',
55 silly addNameRange     '1.0.1',
55 silly addNameRange     '1.0.2',
55 silly addNameRange     '1.0.3',
55 silly addNameRange     '2.0.0',
55 silly addNameRange     '2.1.0',
55 silly addNameRange     '2.2.0',
55 silly addNameRange     '2.3.0',
55 silly addNameRange     '2.4.0' ] ]
56 silly lockFile 632f5946-main-bower-files-0-2-4 main-bower-files@^0.2.4
57 silly lockFile 632f5946-main-bower-files-0-2-4 main-bower-files@^0.2.4
58 error notarget No compatible version found: main-bower-files@'>=0.2.4-0 <0.3.0-0'
58 error notarget Valid install targets:
58 error notarget ["0.0.0","1.0.0","1.0.1","1.0.2","1.0.3","2.0.0","2.1.0","2.2.0","2.3.0","2.4.0"]
58 error notarget
58 error notarget This is most likely not a problem with npm itself.
58 error notarget In most cases you or one of your dependencies are requesting
58 error notarget a package version that doesn't exist.
59 error System Windows_NT 6.1.7601
60 error command "C:\\Program Files\\nodejs\\\\node.exe" "C:\\Program Files\\nodejs\\node_modules\\npm\\bin\\npm-cli.js" "install"
61 error cwd D:\test-workspace\mgine\app
62 error node -v v0.10.32
63 error npm -v 1.4.28
64 error code ETARGET
65 verbose exit [ 1, true ]
